GROUP,PACKAGE,CLASS,INSTRUCTION_MISSED,INSTRUCTION_COVERED,BRANCH_MISSED,BRANCH_COVERED,LINE_MISSED,LINE_COVERED,COMPLEXITY_MISSED,COMPLEXITY_COVERED,METHOD_MISSED,METHOD_COVERED
microservicio4,com.nttdata.bootcamp.microservicio4.expose,TransactionController,78,40,0,0,18,10,10,6,10,6
microservicio4,com.nttdata.bootcamp.microservicio4.business.impl,TransactionServiceImpl,91,15,2,0,26,5,13,3,12,3
microservicio4,com.nttdata.bootcamp.microservicio4,Microservicio4Application,5,3,0,0,2,1,1,1,1,1
microservicio4,com.nttdata.bootcamp.microservicio4.config,WebClientConfig,0,25,0,0,0,6,0,2,0,2
